2022-04-29 17:09:13,536 - elsapy.elsclient - INFO - Module loaded.
2022-04-29 17:09:15,090 - elsapy.elsentity - INFO - Module loaded.
2022-04-29 17:09:15,091 - elsapy.utils - INFO - Module loaded.
2022-04-29 17:09:15,091 - elsapy.elsprofile - INFO - Module loaded.
2022-04-29 17:09:15,091 - elsapy.elsdoc - INFO - Module loaded.
2022-04-29 17:09:15,091 - elsapy.elssearch - INFO - Module loaded.
2022-04-29 17:17:27,317 - elsapy.elsclient - INFO - Module loaded.
2022-04-29 17:17:28,167 - elsapy.elsentity - INFO - Module loaded.
2022-04-29 17:17:28,167 - elsapy.utils - INFO - Module loaded.
2022-04-29 17:17:28,167 - elsapy.elsprofile - INFO - Module loaded.
2022-04-29 17:17:28,168 - elsapy.elsdoc - INFO - Module loaded.
2022-04-29 17:17:28,168 - elsapy.elssearch - INFO - Module loaded.
2022-04-29 17:17:28,321 - elsapy.elsclient - INFO - Sending GET request to https://api.elsevier.com/content/author/author_id/7004367821
2022-04-29 17:17:28,935 - elsapy.elsentity - WARNING - HTTP 401 Error from https://api.elsevier.com/content/author/author_id/7004367821
and using headers {'X-ELS-APIKey': '5c6dcc9357dd0800c60c4ef571484947', 'User-Agent': 'elsapy-v0.5.0', 'Accept': 'application/json'}:
{"service-error":{"status":{"statusCode":"AUTHORIZATION_ERROR","statusText":"The requestor is not authorized to access the requested view or fields of the resource"}}}
2022-04-29 17:17:29,937 - elsapy.elsclient - INFO - Sending GET request to https://api.elsevier.com/content/affiliation/affiliation_id/60101411
2022-04-29 17:17:30,262 - elsapy.elsentity - WARNING - HTTP 401 Error from https://api.elsevier.com/content/affiliation/affiliation_id/60101411
and using headers {'X-ELS-APIKey': '5c6dcc9357dd0800c60c4ef571484947', 'User-Agent': 'elsapy-v0.5.0', 'Accept': 'application/json'}:
{"service-error":{"status":{"statusCode":"AUTHORIZATION_ERROR","statusText":"The requestor is not authorized to access the requested view or fields of the resource"}}}
2022-04-29 17:17:31,267 - elsapy.elsclient - INFO - Sending GET request to https://api.elsevier.com/content/abstract/scopus_id/84872135457
2022-04-29 17:17:32,006 - elsapy.elsentity - INFO - Data loaded for https://api.elsevier.com/content/abstract/scopus_id/84872135457
2022-04-29 17:17:32,007 - elsapy.elsentity - INFO - Wrote https://api.elsevier.com/content/abstract/scopus_id/84872135457 to file
2022-04-29 17:17:33,011 - elsapy.elsclient - INFO - Sending GET request to https://api.elsevier.com/content/article/pii/S1674927814000082
2022-04-29 17:17:33,674 - elsapy.elsentity - INFO - Data loaded for https://api.elsevier.com/content/article/pii/S1674927814000082
2022-04-29 17:17:33,675 - elsapy.elsentity - INFO - Wrote https://api.elsevier.com/content/article/pii/S1674927814000082 to file
2022-04-29 17:17:34,677 - elsapy.elsclient - INFO - Sending GET request to https://api.elsevier.com/content/article/doi/10.1016/S1525-1578(10)60571-5
2022-04-29 17:17:35,197 - elsapy.elsentity - INFO - Data loaded for https://api.elsevier.com/content/article/doi/10.1016/S1525-1578(10)60571-5
2022-04-29 17:17:35,197 - elsapy.elsentity - INFO - Wrote https://api.elsevier.com/content/article/doi/10.1016/S1525-1578(10)60571-5 to file
2022-04-29 17:17:44,542 - elsapy.elsclient - INFO - Sending GET request to https://api.elsevier.com/content/author/author_id/7004367821?view=documents
2022-04-29 17:17:45,157 - elsapy.elsprofile - WARNING - ('HTTP 400 Error from https://api.elsevier.com/content/author/author_id/7004367821?view=documents\nand using headers {\'X-ELS-APIKey\': \'5c6dcc9357dd0800c60c4ef571484947\', \'User-Agent\': \'elsapy-v0.5.0\', \'Accept\': \'application/json\'}:\n{"service-error":{"status":{"statusCode":"INVALID_INPUT","statusText":"View parameter entered is not valid for this service"}}}',)
2022-04-29 17:17:46,160 - elsapy.elsclient - INFO - Sending GET request to https://api.elsevier.com/content/affiliation/affiliation_id/60101411?view=documents
2022-04-29 17:17:46,473 - elsapy.elsprofile - WARNING - ('HTTP 400 Error from https://api.elsevier.com/content/affiliation/affiliation_id/60101411?view=documents\nand using headers {\'X-ELS-APIKey\': \'5c6dcc9357dd0800c60c4ef571484947\', \'User-Agent\': \'elsapy-v0.5.0\', \'Accept\': \'application/json\'}:\n{"service-error":{"status":{"statusCode":"INVALID_INPUT","statusText":"View parameter entered is not valid for this service"}}}',)
2022-04-29 17:17:47,478 - elsapy.elsclient - INFO - Sending GET request to https://api.elsevier.com/content/search/author?query=authlast%28keuskamp%29
2022-04-29 17:19:58,369 - elsapy.elsclient - INFO - Module loaded.
2022-04-29 17:19:59,129 - elsapy.elsentity - INFO - Module loaded.
2022-04-29 17:19:59,130 - elsapy.utils - INFO - Module loaded.
2022-04-29 17:19:59,130 - elsapy.elsprofile - INFO - Module loaded.
2022-04-29 17:19:59,130 - elsapy.elsdoc - INFO - Module loaded.
2022-04-29 17:19:59,131 - elsapy.elssearch - INFO - Module loaded.
2022-04-29 17:19:59,374 - elsapy.elsclient - INFO - Sending GET request to https://api.elsevier.com/content/author/author_id/7004367821
2022-04-29 17:19:59,706 - elsapy.elsentity - WARNING - HTTP 401 Error from https://api.elsevier.com/content/author/author_id/7004367821
and using headers {'X-ELS-APIKey': '5c6dcc9357dd0800c60c4ef571484947', 'User-Agent': 'elsapy-v0.5.0', 'Accept': 'application/json'}:
{"service-error":{"status":{"statusCode":"AUTHORIZATION_ERROR","statusText":"The requestor is not authorized to access the requested view or fields of the resource"}}}
2022-04-29 17:20:00,711 - elsapy.elsclient - INFO - Sending GET request to https://api.elsevier.com/content/affiliation/affiliation_id/60101411
2022-04-29 17:20:01,046 - elsapy.elsentity - WARNING - HTTP 401 Error from https://api.elsevier.com/content/affiliation/affiliation_id/60101411
and using headers {'X-ELS-APIKey': '5c6dcc9357dd0800c60c4ef571484947', 'User-Agent': 'elsapy-v0.5.0', 'Accept': 'application/json'}:
{"service-error":{"status":{"statusCode":"AUTHORIZATION_ERROR","statusText":"The requestor is not authorized to access the requested view or fields of the resource"}}}
2022-04-29 17:20:02,050 - elsapy.elsclient - INFO - Sending GET request to https://api.elsevier.com/content/abstract/scopus_id/84872135457
2022-04-29 17:20:02,433 - elsapy.elsentity - INFO - Data loaded for https://api.elsevier.com/content/abstract/scopus_id/84872135457
2022-04-29 17:20:02,433 - elsapy.elsentity - INFO - Wrote https://api.elsevier.com/content/abstract/scopus_id/84872135457 to file
2022-04-29 17:20:03,438 - elsapy.elsclient - INFO - Sending GET request to https://api.elsevier.com/content/article/pii/S1674927814000082
2022-04-29 17:20:04,122 - elsapy.elsentity - INFO - Data loaded for https://api.elsevier.com/content/article/pii/S1674927814000082
2022-04-29 17:20:04,123 - elsapy.elsentity - INFO - Wrote https://api.elsevier.com/content/article/pii/S1674927814000082 to file
2022-04-29 17:20:05,124 - elsapy.elsclient - INFO - Sending GET request to https://api.elsevier.com/content/article/doi/10.1016/S1525-1578(10)60571-5
2022-04-29 17:20:05,819 - elsapy.elsentity - INFO - Data loaded for https://api.elsevier.com/content/article/doi/10.1016/S1525-1578(10)60571-5
2022-04-29 17:20:05,820 - elsapy.elsentity - INFO - Wrote https://api.elsevier.com/content/article/doi/10.1016/S1525-1578(10)60571-5 to file
2022-04-29 17:20:15,994 - elsapy.elsclient - INFO - Sending GET request to https://api.elsevier.com/content/search/author?query=authlast%28keuskamp%29
2022-04-29 17:22:19,642 - elsapy.elsclient - INFO - Module loaded.
2022-04-29 17:22:20,432 - elsapy.elsentity - INFO - Module loaded.
2022-04-29 17:22:20,432 - elsapy.utils - INFO - Module loaded.
2022-04-29 17:22:20,432 - elsapy.elsprofile - INFO - Module loaded.
2022-04-29 17:22:20,432 - elsapy.elsdoc - INFO - Module loaded.
2022-04-29 17:22:20,433 - elsapy.elssearch - INFO - Module loaded.
2022-04-29 17:22:20,647 - elsapy.elsclient - INFO - Sending GET request to https://api.elsevier.com/content/author/author_id/7004367821
2022-04-29 17:22:20,945 - elsapy.elsentity - WARNING - HTTP 401 Error from https://api.elsevier.com/content/author/author_id/7004367821
and using headers {'X-ELS-APIKey': '5c6dcc9357dd0800c60c4ef571484947', 'User-Agent': 'elsapy-v0.5.0', 'Accept': 'application/json'}:
{"service-error":{"status":{"statusCode":"AUTHORIZATION_ERROR","statusText":"The requestor is not authorized to access the requested view or fields of the resource"}}}
2022-04-29 17:22:21,947 - elsapy.elsclient - INFO - Sending GET request to https://api.elsevier.com/content/affiliation/affiliation_id/60101411
2022-04-29 17:22:22,198 - elsapy.elsentity - WARNING - HTTP 401 Error from https://api.elsevier.com/content/affiliation/affiliation_id/60101411
and using headers {'X-ELS-APIKey': '5c6dcc9357dd0800c60c4ef571484947', 'User-Agent': 'elsapy-v0.5.0', 'Accept': 'application/json'}:
{"service-error":{"status":{"statusCode":"AUTHORIZATION_ERROR","statusText":"The requestor is not authorized to access the requested view or fields of the resource"}}}
2022-04-29 17:22:23,203 - elsapy.elsclient - INFO - Sending GET request to https://api.elsevier.com/content/abstract/scopus_id/84872135457
2022-04-29 17:22:23,595 - elsapy.elsentity - INFO - Data loaded for https://api.elsevier.com/content/abstract/scopus_id/84872135457
2022-04-29 17:22:23,596 - elsapy.elsentity - INFO - Wrote https://api.elsevier.com/content/abstract/scopus_id/84872135457 to file
2022-04-29 17:22:24,599 - elsapy.elsclient - INFO - Sending GET request to https://api.elsevier.com/content/article/pii/S1674927814000082
2022-04-29 17:22:25,116 - elsapy.elsentity - INFO - Data loaded for https://api.elsevier.com/content/article/pii/S1674927814000082
2022-04-29 17:22:25,117 - elsapy.elsentity - INFO - Wrote https://api.elsevier.com/content/article/pii/S1674927814000082 to file
2022-04-29 17:22:26,117 - elsapy.elsclient - INFO - Sending GET request to https://api.elsevier.com/content/article/doi/10.1016/S1525-1578(10)60571-5
2022-04-29 17:22:26,750 - elsapy.elsentity - INFO - Data loaded for https://api.elsevier.com/content/article/doi/10.1016/S1525-1578(10)60571-5
2022-04-29 17:22:26,751 - elsapy.elsentity - INFO - Wrote https://api.elsevier.com/content/article/doi/10.1016/S1525-1578(10)60571-5 to file
2022-04-29 17:22:41,138 - elsapy.elsclient - INFO - Sending GET request to https://api.elsevier.com/content/search/author?query=authlast%28keuskamp%29
2022-04-29 17:22:53,593 - elsapy.elsclient - INFO - Module loaded.
2022-04-29 17:22:54,342 - elsapy.elsentity - INFO - Module loaded.
2022-04-29 17:22:54,343 - elsapy.utils - INFO - Module loaded.
2022-04-29 17:22:54,343 - elsapy.elsprofile - INFO - Module loaded.
2022-04-29 17:22:54,343 - elsapy.elsdoc - INFO - Module loaded.
2022-04-29 17:22:54,343 - elsapy.elssearch - INFO - Module loaded.
2022-04-29 17:22:54,599 - elsapy.elsclient - INFO - Sending GET request to https://api.elsevier.com/content/author/author_id/7004367821
2022-04-29 17:22:54,863 - elsapy.elsentity - WARNING - HTTP 401 Error from https://api.elsevier.com/content/author/author_id/7004367821
and using headers {'X-ELS-APIKey': '5c6dcc9357dd0800c60c4ef571484947', 'User-Agent': 'elsapy-v0.5.0', 'Accept': 'application/json'}:
{"service-error":{"status":{"statusCode":"AUTHORIZATION_ERROR","statusText":"The requestor is not authorized to access the requested view or fields of the resource"}}}
2022-04-29 17:22:55,866 - elsapy.elsclient - INFO - Sending GET request to https://api.elsevier.com/content/affiliation/affiliation_id/60101411
2022-04-29 17:22:56,141 - elsapy.elsentity - WARNING - HTTP 401 Error from https://api.elsevier.com/content/affiliation/affiliation_id/60101411
and using headers {'X-ELS-APIKey': '5c6dcc9357dd0800c60c4ef571484947', 'User-Agent': 'elsapy-v0.5.0', 'Accept': 'application/json'}:
{"service-error":{"status":{"statusCode":"AUTHORIZATION_ERROR","statusText":"The requestor is not authorized to access the requested view or fields of the resource"}}}
2022-04-29 17:22:57,145 - elsapy.elsclient - INFO - Sending GET request to https://api.elsevier.com/content/abstract/scopus_id/84872135457
2022-04-29 17:22:57,572 - elsapy.elsentity - INFO - Data loaded for https://api.elsevier.com/content/abstract/scopus_id/84872135457
2022-04-29 17:22:57,573 - elsapy.elsentity - INFO - Wrote https://api.elsevier.com/content/abstract/scopus_id/84872135457 to file
2022-04-29 17:22:58,577 - elsapy.elsclient - INFO - Sending GET request to https://api.elsevier.com/content/article/pii/S1674927814000082
2022-04-29 17:22:59,342 - elsapy.elsentity - INFO - Data loaded for https://api.elsevier.com/content/article/pii/S1674927814000082
2022-04-29 17:22:59,343 - elsapy.elsentity - INFO - Wrote https://api.elsevier.com/content/article/pii/S1674927814000082 to file
2022-04-29 17:23:00,343 - elsapy.elsclient - INFO - Sending GET request to https://api.elsevier.com/content/article/doi/10.1016/S1525-1578(10)60571-5
2022-04-29 17:23:00,914 - elsapy.elsentity - INFO - Data loaded for https://api.elsevier.com/content/article/doi/10.1016/S1525-1578(10)60571-5
2022-04-29 17:23:00,915 - elsapy.elsentity - INFO - Wrote https://api.elsevier.com/content/article/doi/10.1016/S1525-1578(10)60571-5 to file
2022-04-29 17:23:15,607 - elsapy.elsclient - INFO - Sending GET request to https://api.elsevier.com/content/search/author?query=authlast%28keuskamp%29
2022-04-29 17:23:18,824 - elsapy.elsclient - INFO - Module loaded.
2022-04-29 17:23:19,572 - elsapy.elsentity - INFO - Module loaded.
2022-04-29 17:23:19,573 - elsapy.utils - INFO - Module loaded.
2022-04-29 17:23:19,573 - elsapy.elsprofile - INFO - Module loaded.
2022-04-29 17:23:19,573 - elsapy.elsdoc - INFO - Module loaded.
2022-04-29 17:23:19,573 - elsapy.elssearch - INFO - Module loaded.
2022-04-29 17:23:19,829 - elsapy.elsclient - INFO - Sending GET request to https://api.elsevier.com/content/author/author_id/7004367821
2022-04-29 17:23:20,141 - elsapy.elsentity - WARNING - HTTP 401 Error from https://api.elsevier.com/content/author/author_id/7004367821
and using headers {'X-ELS-APIKey': '5c6dcc9357dd0800c60c4ef571484947', 'User-Agent': 'elsapy-v0.5.0', 'Accept': 'application/json'}:
{"service-error":{"status":{"statusCode":"AUTHORIZATION_ERROR","statusText":"The requestor is not authorized to access the requested view or fields of the resource"}}}
2022-04-29 17:23:21,146 - elsapy.elsclient - INFO - Sending GET request to https://api.elsevier.com/content/affiliation/affiliation_id/60101411
2022-04-29 17:23:21,398 - elsapy.elsentity - WARNING - HTTP 401 Error from https://api.elsevier.com/content/affiliation/affiliation_id/60101411
and using headers {'X-ELS-APIKey': '5c6dcc9357dd0800c60c4ef571484947', 'User-Agent': 'elsapy-v0.5.0', 'Accept': 'application/json'}:
{"service-error":{"status":{"statusCode":"AUTHORIZATION_ERROR","statusText":"The requestor is not authorized to access the requested view or fields of the resource"}}}
2022-04-29 17:23:22,400 - elsapy.elsclient - INFO - Sending GET request to https://api.elsevier.com/content/abstract/scopus_id/84872135457
2022-04-29 17:23:22,752 - elsapy.elsentity - INFO - Data loaded for https://api.elsevier.com/content/abstract/scopus_id/84872135457
2022-04-29 17:23:22,753 - elsapy.elsentity - INFO - Wrote https://api.elsevier.com/content/abstract/scopus_id/84872135457 to file
2022-04-29 17:23:23,756 - elsapy.elsclient - INFO - Sending GET request to https://api.elsevier.com/content/article/pii/S1674927814000082
2022-04-29 17:23:24,221 - elsapy.elsentity - INFO - Data loaded for https://api.elsevier.com/content/article/pii/S1674927814000082
2022-04-29 17:23:24,221 - elsapy.elsentity - INFO - Wrote https://api.elsevier.com/content/article/pii/S1674927814000082 to file
2022-04-29 17:23:25,226 - elsapy.elsclient - INFO - Sending GET request to https://api.elsevier.com/content/article/doi/10.1016/S1525-1578(10)60571-5
2022-04-29 17:23:25,808 - elsapy.elsentity - INFO - Data loaded for https://api.elsevier.com/content/article/doi/10.1016/S1525-1578(10)60571-5
2022-04-29 17:23:25,810 - elsapy.elsentity - INFO - Wrote https://api.elsevier.com/content/article/doi/10.1016/S1525-1578(10)60571-5 to file
2022-04-29 17:23:31,197 - elsapy.elsclient - INFO - Module loaded.
2022-04-29 17:23:31,950 - elsapy.elsentity - INFO - Module loaded.
2022-04-29 17:23:31,951 - elsapy.utils - INFO - Module loaded.
2022-04-29 17:23:31,951 - elsapy.elsprofile - INFO - Module loaded.
2022-04-29 17:23:31,951 - elsapy.elsdoc - INFO - Module loaded.
2022-04-29 17:23:31,951 - elsapy.elssearch - INFO - Module loaded.
2022-04-29 17:23:32,201 - elsapy.elsclient - INFO - Sending GET request to https://api.elsevier.com/content/author/author_id/7004367821
2022-04-29 17:23:32,467 - elsapy.elsentity - WARNING - HTTP 401 Error from https://api.elsevier.com/content/author/author_id/7004367821
and using headers {'X-ELS-APIKey': '5c6dcc9357dd0800c60c4ef571484947', 'User-Agent': 'elsapy-v0.5.0', 'Accept': 'application/json'}:
{"service-error":{"status":{"statusCode":"AUTHORIZATION_ERROR","statusText":"The requestor is not authorized to access the requested view or fields of the resource"}}}
2022-04-29 17:23:33,469 - elsapy.elsclient - INFO - Sending GET request to https://api.elsevier.com/content/affiliation/affiliation_id/60101411
2022-04-29 17:23:33,769 - elsapy.elsentity - WARNING - HTTP 401 Error from https://api.elsevier.com/content/affiliation/affiliation_id/60101411
and using headers {'X-ELS-APIKey': '5c6dcc9357dd0800c60c4ef571484947', 'User-Agent': 'elsapy-v0.5.0', 'Accept': 'application/json'}:
{"service-error":{"status":{"statusCode":"AUTHORIZATION_ERROR","statusText":"The requestor is not authorized to access the requested view or fields of the resource"}}}
2022-04-29 17:23:34,773 - elsapy.elsclient - INFO - Sending GET request to https://api.elsevier.com/content/abstract/scopus_id/84872135457
2022-04-29 17:23:35,205 - elsapy.elsentity - INFO - Data loaded for https://api.elsevier.com/content/abstract/scopus_id/84872135457
2022-04-29 17:23:35,205 - elsapy.elsentity - INFO - Wrote https://api.elsevier.com/content/abstract/scopus_id/84872135457 to file
2022-04-29 17:23:36,208 - elsapy.elsclient - INFO - Sending GET request to https://api.elsevier.com/content/article/pii/S1674927814000082
2022-04-29 17:23:36,759 - elsapy.elsentity - INFO - Data loaded for https://api.elsevier.com/content/article/pii/S1674927814000082
2022-04-29 17:23:36,760 - elsapy.elsentity - INFO - Wrote https://api.elsevier.com/content/article/pii/S1674927814000082 to file
2022-04-29 17:23:37,762 - elsapy.elsclient - INFO - Sending GET request to https://api.elsevier.com/content/article/doi/10.1016/S1525-1578(10)60571-5
2022-04-29 17:23:38,495 - elsapy.elsentity - INFO - Data loaded for https://api.elsevier.com/content/article/doi/10.1016/S1525-1578(10)60571-5
2022-04-29 17:23:38,495 - elsapy.elsentity - INFO - Wrote https://api.elsevier.com/content/article/doi/10.1016/S1525-1578(10)60571-5 to file
2022-04-29 17:23:52,411 - elsapy.elsclient - INFO - Sending GET request to https://api.elsevier.com/content/search/author?query=authlast%28keuskamp%29
2022-04-29 17:52:34,407 - elsapy.elsclient - INFO - Module loaded.
2022-04-29 17:52:35,261 - elsapy.elsentity - INFO - Module loaded.
2022-04-29 17:52:35,261 - elsapy.utils - INFO - Module loaded.
2022-04-29 17:52:35,262 - elsapy.elsprofile - INFO - Module loaded.
2022-04-29 17:52:35,262 - elsapy.elsdoc - INFO - Module loaded.
2022-04-29 17:52:35,262 - elsapy.elssearch - INFO - Module loaded.
2022-04-29 17:52:35,412 - elsapy.elsclient - INFO - Sending GET request to https://api.elsevier.com/content/author/author_id/7004367821
2022-04-29 17:52:35,793 - elsapy.elsentity - WARNING - HTTP 401 Error from https://api.elsevier.com/content/author/author_id/7004367821
and using headers {'X-ELS-APIKey': '5c6dcc9357dd0800c60c4ef571484947', 'User-Agent': 'elsapy-v0.5.0', 'Accept': 'application/json'}:
{"service-error":{"status":{"statusCode":"AUTHORIZATION_ERROR","statusText":"The requestor is not authorized to access the requested view or fields of the resource"}}}
2022-04-29 17:52:36,799 - elsapy.elsclient - INFO - Sending GET request to https://api.elsevier.com/content/affiliation/affiliation_id/60101411
2022-04-29 17:52:37,120 - elsapy.elsentity - WARNING - HTTP 401 Error from https://api.elsevier.com/content/affiliation/affiliation_id/60101411
and using headers {'X-ELS-APIKey': '5c6dcc9357dd0800c60c4ef571484947', 'User-Agent': 'elsapy-v0.5.0', 'Accept': 'application/json'}:
{"service-error":{"status":{"statusCode":"AUTHORIZATION_ERROR","statusText":"The requestor is not authorized to access the requested view or fields of the resource"}}}
2022-04-29 17:52:38,124 - elsapy.elsclient - INFO - Sending GET request to https://api.elsevier.com/content/abstract/scopus_id/84872135457
2022-04-29 17:52:38,624 - elsapy.elsentity - INFO - Data loaded for https://api.elsevier.com/content/abstract/scopus_id/84872135457
2022-04-29 17:52:38,627 - elsapy.elsentity - INFO - Wrote https://api.elsevier.com/content/abstract/scopus_id/84872135457 to file
2022-04-29 17:52:39,629 - elsapy.elsclient - INFO - Sending GET request to https://api.elsevier.com/content/article/pii/S1674927814000082
2022-04-29 17:52:40,338 - elsapy.elsentity - INFO - Data loaded for https://api.elsevier.com/content/article/pii/S1674927814000082
2022-04-29 17:52:40,340 - elsapy.elsentity - INFO - Wrote https://api.elsevier.com/content/article/pii/S1674927814000082 to file
2022-04-29 17:52:41,341 - elsapy.elsclient - INFO - Sending GET request to https://api.elsevier.com/content/article/doi/10.1016/S1525-1578(10)60571-5
2022-04-29 17:52:41,958 - elsapy.elsentity - INFO - Data loaded for https://api.elsevier.com/content/article/doi/10.1016/S1525-1578(10)60571-5
2022-04-29 17:52:41,959 - elsapy.elsentity - INFO - Wrote https://api.elsevier.com/content/article/doi/10.1016/S1525-1578(10)60571-5 to file
2022-04-29 17:53:56,856 - elsapy.elsclient - INFO - Module loaded.
2022-04-29 17:53:57,717 - elsapy.elsentity - INFO - Module loaded.
2022-04-29 17:53:57,717 - elsapy.utils - INFO - Module loaded.
2022-04-29 17:53:57,717 - elsapy.elsprofile - INFO - Module loaded.
2022-04-29 17:53:57,717 - elsapy.elsdoc - INFO - Module loaded.
2022-04-29 17:53:57,718 - elsapy.elssearch - INFO - Module loaded.
2022-04-29 17:53:57,860 - elsapy.elsclient - INFO - Sending GET request to https://api.elsevier.com/content/author/author_id/7004367821
2022-04-29 17:53:58,577 - elsapy.elsentity - WARNING - HTTP 401 Error from https://api.elsevier.com/content/author/author_id/7004367821
and using headers {'X-ELS-APIKey': '5c6dcc9357dd0800c60c4ef571484947', 'User-Agent': 'elsapy-v0.5.0', 'Accept': 'application/json'}:
{"service-error":{"status":{"statusCode":"AUTHORIZATION_ERROR","statusText":"The requestor is not authorized to access the requested view or fields of the resource"}}}
2022-04-29 17:53:59,580 - elsapy.elsclient - INFO - Sending GET request to https://api.elsevier.com/content/affiliation/affiliation_id/60101411
2022-04-29 17:53:59,894 - elsapy.elsentity - WARNING - HTTP 401 Error from https://api.elsevier.com/content/affiliation/affiliation_id/60101411
and using headers {'X-ELS-APIKey': '5c6dcc9357dd0800c60c4ef571484947', 'User-Agent': 'elsapy-v0.5.0', 'Accept': 'application/json'}:
{"service-error":{"status":{"statusCode":"AUTHORIZATION_ERROR","statusText":"The requestor is not authorized to access the requested view or fields of the resource"}}}
2022-04-29 17:54:00,898 - elsapy.elsclient - INFO - Sending GET request to https://api.elsevier.com/content/abstract/scopus_id/84872135457
2022-04-29 17:54:01,353 - elsapy.elsentity - INFO - Data loaded for https://api.elsevier.com/content/abstract/scopus_id/84872135457
2022-04-29 17:54:01,354 - elsapy.elsentity - INFO - Wrote https://api.elsevier.com/content/abstract/scopus_id/84872135457 to file
2022-04-29 17:54:02,357 - elsapy.elsclient - INFO - Sending GET request to https://api.elsevier.com/content/article/pii/S1674927814000082
2022-04-29 17:54:02,902 - elsapy.elsentity - INFO - Data loaded for https://api.elsevier.com/content/article/pii/S1674927814000082
2022-04-29 17:54:02,903 - elsapy.elsentity - INFO - Wrote https://api.elsevier.com/content/article/pii/S1674927814000082 to file
2022-04-29 17:54:03,904 - elsapy.elsclient - INFO - Sending GET request to https://api.elsevier.com/content/article/doi/10.1016/S1525-1578(10)60571-5
2022-04-29 17:54:04,676 - elsapy.elsentity - INFO - Data loaded for https://api.elsevier.com/content/article/doi/10.1016/S1525-1578(10)60571-5
2022-04-29 17:54:04,677 - elsapy.elsentity - INFO - Wrote https://api.elsevier.com/content/article/doi/10.1016/S1525-1578(10)60571-5 to file
2022-04-29 17:54:15,330 - elsapy.elsclient - INFO - Sending GET request to https://api.elsevier.com/content/author/author_id/7004367821?view=documents
2022-04-29 17:54:15,661 - elsapy.elsprofile - WARNING - ('HTTP 400 Error from https://api.elsevier.com/content/author/author_id/7004367821?view=documents\nand using headers {\'X-ELS-APIKey\': \'5c6dcc9357dd0800c60c4ef571484947\', \'User-Agent\': \'elsapy-v0.5.0\', \'Accept\': \'application/json\'}:\n{"service-error":{"status":{"statusCode":"INVALID_INPUT","statusText":"View parameter entered is not valid for this service"}}}',)
2022-04-29 17:54:16,662 - elsapy.elsclient - INFO - Sending GET request to https://api.elsevier.com/content/affiliation/affiliation_id/60101411?view=documents
2022-04-29 17:54:17,085 - elsapy.elsprofile - WARNING - ('HTTP 400 Error from https://api.elsevier.com/content/affiliation/affiliation_id/60101411?view=documents\nand using headers {\'X-ELS-APIKey\': \'5c6dcc9357dd0800c60c4ef571484947\', \'User-Agent\': \'elsapy-v0.5.0\', \'Accept\': \'application/json\'}:\n{"service-error":{"status":{"statusCode":"INVALID_INPUT","statusText":"View parameter entered is not valid for this service"}}}',)
2022-04-29 17:54:18,090 - elsapy.elsclient - INFO - Sending GET request to https://api.elsevier.com/content/search/author?query=authlast%28keuskamp%29
2022-04-29 17:57:38,340 - elsapy.elsclient - INFO - Module loaded.
2022-04-29 17:57:39,293 - elsapy.elsentity - INFO - Module loaded.
2022-04-29 17:57:39,293 - elsapy.utils - INFO - Module loaded.
2022-04-29 17:57:39,293 - elsapy.elsprofile - INFO - Module loaded.
2022-04-29 17:57:39,294 - elsapy.elsdoc - INFO - Module loaded.
2022-04-29 17:57:39,294 - elsapy.elssearch - INFO - Module loaded.
2022-04-29 17:57:39,342 - elsapy.elsclient - INFO - Sending GET request to https://api.elsevier.com/content/author/author_id/7004367821
2022-04-29 17:57:39,713 - elsapy.elsentity - WARNING - HTTP 401 Error from https://api.elsevier.com/content/author/author_id/7004367821
and using headers {'X-ELS-APIKey': '5c6dcc9357dd0800c60c4ef571484947', 'User-Agent': 'elsapy-v0.5.0', 'Accept': 'application/json'}:
{"service-error":{"status":{"statusCode":"AUTHORIZATION_ERROR","statusText":"The requestor is not authorized to access the requested view or fields of the resource"}}}
2022-04-29 17:57:40,717 - elsapy.elsclient - INFO - Sending GET request to https://api.elsevier.com/content/affiliation/affiliation_id/60101411
2022-04-29 17:57:40,959 - elsapy.elsentity - WARNING - HTTP 401 Error from https://api.elsevier.com/content/affiliation/affiliation_id/60101411
and using headers {'X-ELS-APIKey': '5c6dcc9357dd0800c60c4ef571484947', 'User-Agent': 'elsapy-v0.5.0', 'Accept': 'application/json'}:
{"service-error":{"status":{"statusCode":"AUTHORIZATION_ERROR","statusText":"The requestor is not authorized to access the requested view or fields of the resource"}}}
2022-04-29 17:57:41,963 - elsapy.elsclient - INFO - Sending GET request to https://api.elsevier.com/content/abstract/scopus_id/84872135457
2022-04-29 17:57:42,369 - elsapy.elsentity - INFO - Data loaded for https://api.elsevier.com/content/abstract/scopus_id/84872135457
2022-04-29 17:57:42,370 - elsapy.elsentity - INFO - Wrote https://api.elsevier.com/content/abstract/scopus_id/84872135457 to file
2022-04-29 17:57:43,374 - elsapy.elsclient - INFO - Sending GET request to https://api.elsevier.com/content/article/pii/S1674927814000082
2022-04-29 17:57:43,920 - elsapy.elsentity - INFO - Data loaded for https://api.elsevier.com/content/article/pii/S1674927814000082
2022-04-29 17:57:43,922 - elsapy.elsentity - INFO - Wrote https://api.elsevier.com/content/article/pii/S1674927814000082 to file
2022-04-29 17:57:44,924 - elsapy.elsclient - INFO - Sending GET request to https://api.elsevier.com/content/article/doi/10.1016/S1525-1578(10)60571-5
2022-04-29 17:57:45,406 - elsapy.elsentity - INFO - Data loaded for https://api.elsevier.com/content/article/doi/10.1016/S1525-1578(10)60571-5
2022-04-29 17:57:45,406 - elsapy.elsentity - INFO - Wrote https://api.elsevier.com/content/article/doi/10.1016/S1525-1578(10)60571-5 to file
2022-04-29 17:57:50,934 - elsapy.elsclient - INFO - Sending GET request to https://api.elsevier.com/content/author/author_id/7004367821?view=documents
2022-04-29 17:57:51,244 - elsapy.elsprofile - WARNING - ('HTTP 400 Error from https://api.elsevier.com/content/author/author_id/7004367821?view=documents\nand using headers {\'X-ELS-APIKey\': \'5c6dcc9357dd0800c60c4ef571484947\', \'User-Agent\': \'elsapy-v0.5.0\', \'Accept\': \'application/json\'}:\n{"service-error":{"status":{"statusCode":"INVALID_INPUT","statusText":"View parameter entered is not valid for this service"}}}',)
2022-04-29 17:57:52,249 - elsapy.elsclient - INFO - Sending GET request to https://api.elsevier.com/content/affiliation/affiliation_id/60101411?view=documents
2022-04-29 17:57:52,560 - elsapy.elsprofile - WARNING - ('HTTP 400 Error from https://api.elsevier.com/content/affiliation/affiliation_id/60101411?view=documents\nand using headers {\'X-ELS-APIKey\': \'5c6dcc9357dd0800c60c4ef571484947\', \'User-Agent\': \'elsapy-v0.5.0\', \'Accept\': \'application/json\'}:\n{"service-error":{"status":{"statusCode":"INVALID_INPUT","statusText":"View parameter entered is not valid for this service"}}}',)
2022-04-29 17:57:53,563 - elsapy.elsclient - INFO - Sending GET request to https://api.elsevier.com/content/search/author?query=authlast%28keuskamp%29
